android/app/build/intermediates/manifest_merge_blame_file/debug/manifest-merger-blame-debug-report.txt
1<?xml version="1.0" encoding="utf-8"?>
2<manifest xmlns:android="http://schemas.android.com/apk/res/android"
3    package="com.hydrowallet"
4    android:versionCode="1"
5    android:versionName="1.0" >
6
7    <uses-sdk
8        android:minSdkVersion="21"
9        android:targetSdkVersion="28" />
10
11    <uses-permission android:name="android.permission.SYSTEM_ALERT_WINDOW" />
11-->src/main/AndroidManifest.xml:3:3-75
11-->src/main/AndroidManifest.xml:3:20-73
12    <uses-permission android:name="android.permission.INTERNET" /> <!-- OPTIONAL PERMISSIONS, REMOVE WHATEVER YOU DO NOT NEED -->
12-->src/main/AndroidManifest.xml:2:3-64
12-->src/main/AndroidManifest.xml:2:20-62
13    <uses-permission android:name="android.permission.MANAGE_DOCUMENTS" />
13-->src/main/AndroidManifest.xml:5:3-72
13-->src/main/AndroidManifest.xml:5:20-70
14    <uses-permission android:name="android.permission.READ_INTERNAL_STORAGE" />
14-->src/main/AndroidManifest.xml:6:3-77
14-->src/main/AndroidManifest.xml:6:20-75
15    <uses-permission android:name="android.permission.READ_PHONE_STATE" />
15-->src/main/AndroidManifest.xml:7:3-72
15-->src/main/AndroidManifest.xml:7:20-70
16    <uses-permission android:name="android.permission.USE_FINGERPRINT" />
16-->src/main/AndroidManifest.xml:8:3-71
16-->src/main/AndroidManifest.xml:8:20-69
17    <uses-permission android:name="android.permission.VIBRATE" />
17-->src/main/AndroidManifest.xml:9:3-63
17-->src/main/AndroidManifest.xml:9:20-61
18    <uses-permission android:name="android.permission.MODIFY_AUDIO_SETTINGS" /> <!-- These require runtime permissions on M -->
18-->src/main/AndroidManifest.xml:10:3-77
18-->src/main/AndroidManifest.xml:10:20-75
19    <uses-permission android:name="android.permission.ACCESS_COARSE_LOCATION" />
19-->src/main/AndroidManifest.xml:12:3-78
19-->src/main/AndroidManifest.xml:12:20-76
20    <uses-permission android:name="android.permission.ACCESS_FINE_LOCATION" />
20-->src/main/AndroidManifest.xml:13:3-76
20-->src/main/AndroidManifest.xml:13:20-74
21    <uses-permission android:name="android.permission.CAMERA" />
21-->src/main/AndroidManifest.xml:14:3-62
21-->src/main/AndroidManifest.xml:14:20-60
22    <uses-permission android:name="android.permission.READ_CONTACTS" />
22-->src/main/AndroidManifest.xml:15:3-69
22-->src/main/AndroidManifest.xml:15:20-67
23    <uses-permission android:name="android.permission.READ_CALENDAR" />
23-->src/main/AndroidManifest.xml:16:3-69
23-->src/main/AndroidManifest.xml:16:20-67
24    <uses-permission android:name="android.permission.WRITE_CALENDAR" />
24-->src/main/AndroidManifest.xml:17:3-70
24-->src/main/AndroidManifest.xml:17:20-68
25    <uses-permission android:name="android.permission.READ_EXTERNAL_STORAGE" />
25-->src/main/AndroidManifest.xml:18:3-77
25-->src/main/AndroidManifest.xml:18:20-75
26    <uses-permission android:name="android.permission.RECORD_AUDIO" />
26-->src/main/AndroidManifest.xml:19:3-68
26-->src/main/AndroidManifest.xml:19:20-66
27    <uses-permission android:name="android.permission.WRITE_EXTERNAL_STORAGE" />
27-->src/main/AndroidManifest.xml:20:3-78
27-->src/main/AndroidManifest.xml:20:20-76
28    <uses-permission android:name="android.permission.WRITE_SETTINGS" />
28-->src/main/AndroidManifest.xml:21:3-70
28-->src/main/AndroidManifest.xml:21:20-68
29    <uses-permission android:name="android.permission.ACCESS_WIFI_STATE" />
29-->[com.facebook.flipper:flipper:0.33.1] AndroidManifest.xml:16:5-76
29-->[com.facebook.flipper:flipper:0.33.1] AndroidManifest.xml:16:22-73
30    <uses-permission android:name="android.permission.ACCESS_NETWORK_STATE" />
30-->[:expo-updates] AndroidManifest.xml:11:5-79
30-->[:expo-updates] AndroidManifest.xml:11:22-76
31    <uses-permission android:name="android.permission.CHANGE_WIFI_MULTICAST_STATE" />
31-->[:react-native-udp] AndroidManifest.xml:14:5-86
31-->[:react-native-udp] AndroidManifest.xml:14:22-83
32    <uses-permission android:name="android.permission.STORAGE" />
32-->[:expo-file-system] AndroidManifest.xml:15:5-66
32-->[:expo-file-system] AndroidManifest.xml:15:22-63
33    <uses-permission android:name="android.permission.FOREGROUND_SERVICE" />
33-->[:expo-location] AndroidManifest.xml:13:5-77
33-->[:expo-location] AndroidManifest.xml:13:22-74
34    <uses-permission android:name="com.google.android.providers.gsf.permission.READ_GSERVICES" />
34-->[io.nlopez.smartlocation:library:3.2.11] AndroidManifest.xml:15:5-98
34-->[io.nlopez.smartlocation:library:3.2.11] AndroidManifest.xml:15:22-95
35    <uses-permission android:name="com.google.android.gms.permission.ACTIVITY_RECOGNITION" />
35-->[io.nlopez.smartlocation:library:3.2.11] AndroidManifest.xml:16:5-94
35-->[io.nlopez.smartlocation:library:3.2.11] AndroidManifest.xml:16:22-91
36
37    <application
37-->src/main/AndroidManifest.xml:24:3-53:19
38        android:name="com.hydrowallet.MainApplication"
38-->src/main/AndroidManifest.xml:25:7-38
39        android:allowBackup="false"
39-->src/main/AndroidManifest.xml:29:7-34
40        android:appComponentFactory="androidx.core.app.CoreComponentFactory"
40-->[androidx.core:core:1.5.0-alpha05] AndroidManifest.xml:24:18-86
41        android:debuggable="true"
42        android:icon="@mipmap/ic_launcher"
42-->src/main/AndroidManifest.xml:27:7-41
43        android:label="@string/app_name"
43-->src/main/AndroidManifest.xml:26:7-39
44        android:roundIcon="@mipmap/ic_launcher_round"
44-->src/main/AndroidManifest.xml:28:7-52
45        android:theme="@style/AppTheme"
45-->src/main/AndroidManifest.xml:30:7-38
46        android:usesCleartextTraffic="true" >
46-->src/debug/AndroidManifest.xml:6:18-53
47        <activity
47-->src/main/AndroidManifest.xml:31:7-40:20
48            android:name="com.hydrowallet.SplashActivity"
48-->src/main/AndroidManifest.xml:32:13-43
49            android:label="@string/app_name"
49-->src/main/AndroidManifest.xml:34:13-45
50            android:theme="@style/SplashTheme" >
50-->src/main/AndroidManifest.xml:33:13-47
51            <intent-filter>
51-->src/main/AndroidManifest.xml:36:13-39:29
52                <action android:name="android.intent.action.MAIN" />
52-->src/main/AndroidManifest.xml:37:17-69
52-->src/main/AndroidManifest.xml:37:25-66
53
54                <category android:name="android.intent.category.LAUNCHER" />
54-->src/main/AndroidManifest.xml:38:17-77
54-->src/main/AndroidManifest.xml:38:27-74
55            </intent-filter>
56        </activity>
57
58        <meta-data
58-->src/main/AndroidManifest.xml:41:13-111
59            android:name="expo.modules.updates.EXPO_UPDATE_URL"
59-->src/main/AndroidManifest.xml:41:24-75
60            android:value="YOUR-APP-URL-HERE" />
60-->src/main/AndroidManifest.xml:41:76-109
61        <meta-data
61-->src/main/AndroidManifest.xml:42:5-112
62            android:name="expo.modules.updates.EXPO_SDK_VERSION"
62-->src/main/AndroidManifest.xml:42:16-68
63            android:value="YOUR-APP-SDK-VERSION-HERE" />
63-->src/main/AndroidManifest.xml:42:69-110
64
65        <activity
65-->src/main/AndroidManifest.xml:44:7-51:18
66            android:name="com.hydrowallet.MainActivity"
66-->src/main/AndroidManifest.xml:45:9-37
67            android:configChanges="keyboard|keyboardHidden|orientation|screenSize|uiMode"
67-->src/main/AndroidManifest.xml:47:9-86
68            android:exported="true"
68-->src/main/AndroidManifest.xml:50:8-31
69            android:label="@string/app_name"
69-->src/main/AndroidManifest.xml:46:9-41
70            android:launchMode="singleTask"
70-->src/main/AndroidManifest.xml:48:9-40
71            android:windowSoftInputMode="adjustResize" >
71-->src/main/AndroidManifest.xml:49:9-51
72        </activity>
73        <activity android:name="com.facebook.react.devsupport.DevSettingsActivity" />
73-->src/main/AndroidManifest.xml:52:7-84
73-->src/main/AndroidManifest.xml:52:17-81
74
75        <meta-data
75-->[:unimodules-react-native-adapter] AndroidManifest.xml:12:9-14:91
76            android:name="org.unimodules.core.AppLoader#react-native-headless"
76-->[:unimodules-react-native-adapter] AndroidManifest.xml:13:13-79
77            android:value="org.unimodules.adapters.react.apploader.RNHeadlessAppLoader" />
77-->[:unimodules-react-native-adapter] AndroidManifest.xml:14:13-88
78
79        <provider
79-->[:expo-file-system] AndroidManifest.xml:18:9-27:20
80            android:name="expo.modules.filesystem.FileSystemFileProvider"
80-->[:expo-file-system] AndroidManifest.xml:19:13-74
81            android:authorities="com.hydrowallet.FileSystemFileProvider"
81-->[:expo-file-system] AndroidManifest.xml:20:13-74
82            android:exported="false"
82-->[:expo-file-system] AndroidManifest.xml:21:13-37
83            android:grantUriPermissions="true" >
83-->[:expo-file-system] AndroidManifest.xml:22:13-47
84            <meta-data
84-->[:expo-file-system] AndroidManifest.xml:24:13-26:70
85                android:name="android.support.FILE_PROVIDER_PATHS"
85-->[:expo-file-system] AndroidManifest.xml:25:17-67
86                android:resource="@xml/file_system_provider_paths" />
86-->[:expo-file-system] AndroidManifest.xml:26:17-67
87        </provider>
88
89        <service
89-->[:expo-location] AndroidManifest.xml:16:9-18:40
90            android:name="expo.modules.location.services.LocationTaskService"
90-->[:expo-location] AndroidManifest.xml:17:13-78
91            android:exported="false" />
91-->[:expo-location] AndroidManifest.xml:18:13-37
92
93        <activity
93-->[com.google.android.gms:play-services-base:16.0.1] AndroidManifest.xml:23:9-26:75
94            android:name="com.google.android.gms.common.api.GoogleApiActivity"
94-->[com.google.android.gms:play-services-base:16.0.1] AndroidManifest.xml:24:13-79
95            android:exported="false"
95-->[com.google.android.gms:play-services-base:16.0.1] AndroidManifest.xml:25:13-37
96            android:theme="@android:style/Theme.Translucent.NoTitleBar" />
96-->[com.google.android.gms:play-services-base:16.0.1] AndroidManifest.xml:26:13-72
97
98        <meta-data
98-->[com.google.android.gms:play-services-basement:16.0.1] AndroidManifest.xml:23:9-25:69
99            android:name="com.google.android.gms.version"
99-->[com.google.android.gms:play-services-basement:16.0.1] AndroidManifest.xml:24:13-58
100            android:value="@integer/google_play_services_version" />
100-->[com.google.android.gms:play-services-basement:16.0.1] AndroidManifest.xml:25:13-66
101
102        <service
102-->[androidx.room:room-runtime:2.1.0] AndroidManifest.xml:25:9-27:40
103            android:name="androidx.room.MultiInstanceInvalidationService"
103-->[androidx.room:room-runtime:2.1.0] AndroidManifest.xml:26:13-74
104            android:exported="false" />
104-->[androidx.room:room-runtime:2.1.0] AndroidManifest.xml:27:13-37
105        <service
105-->[io.nlopez.smartlocation:library:3.2.11] AndroidManifest.xml:19:9-21:40
106            android:name="io.nlopez.smartlocation.activity.providers.ActivityGooglePlayServicesProvider$ActivityRecognitionService"
106-->[io.nlopez.smartlocation:library:3.2.11] AndroidManifest.xml:20:13-132
107            android:exported="false" />
107-->[io.nlopez.smartlocation:library:3.2.11] AndroidManifest.xml:21:13-37
108        <service
108-->[io.nlopez.smartlocation:library:3.2.11] AndroidManifest.xml:22:9-24:40
109            android:name="io.nlopez.smartlocation.geofencing.providers.GeofencingGooglePlayServicesProvider$GeofencingService"
109-->[io.nlopez.smartlocation:library:3.2.11] AndroidManifest.xml:23:13-127
110            android:exported="false" />
110-->[io.nlopez.smartlocation:library:3.2.11] AndroidManifest.xml:24:13-37
111        <service
111-->[io.nlopez.smartlocation:library:3.2.11] AndroidManifest.xml:25:9-27:40
112            android:name="io.nlopez.smartlocation.geocoding.providers.AndroidGeocodingProvider$AndroidGeocodingService"
112-->[io.nlopez.smartlocation:library:3.2.11] AndroidManifest.xml:26:13-120
113            android:exported="false" />
113-->[io.nlopez.smartlocation:library:3.2.11] AndroidManifest.xml:27:13-37
114    </application>
115
116</manifest>